<?xml version="1.0" encoding="UTF-8"?>
<testsuite name="PawnTest" tests="1" skipped="0" failures="0" errors="0" timestamp="2024-03-05T01:26:46" hostname="DANIEL-BOOK" time="0.069">
  <properties/>
  <testcase name="흰색/검은색 폰이 생성되어야 한다" classname="PawnTest" time="0.069"/>
  <system-out><![CDATA[]]></system-out>
  <system-err><![CDATA[]]></system-err>
</testsuite>
